{"/home/yfercep/Documentos/Juan-Pablo-de-la-Torre/Curso-React-Typescript-11-projects/rest_api_node_ts_server/src/router.ts": {"path":"/home/yfercep/Documentos/Juan-Pablo-de-la-Torre/Curso-React-Typescript-11-projects/rest_api_node_ts_server/src/router.ts","statementMap":{"0":{"start":{"line":1,"column":0},"end":{"line":1,"column":33}},"1":{"start":{"line":2,"column":0},"end":{"line":2,"column":48}},"2":{"start":{"line":3,"column":0},"end":{"line":3,"column":130}},"3":{"start":{"line":4,"column":0},"end":{"line":4,"column":49}},"4":{"start":{"line":6,"column":15},"end":{"line":6,"column":23}},"5":{"start":{"line":10,"column":0},"end":{"line":10,"column":29}},"6":{"start":{"line":11,"column":0},"end":{"line":15,"column":2}},"7":{"start":{"line":17,"column":0},"end":{"line":28,"column":2}},"8":{"start":{"line":24,"column":26},"end":{"line":24,"column":35}},"9":{"start":{"line":30,"column":0},"end":{"line":44,"column":2}},"10":{"start":{"line":39,"column":26},"end":{"line":39,"column":35}},"11":{"start":{"line":46,"column":0},"end":{"line":51,"column":2}},"12":{"start":{"line":53,"column":0},"end":{"line":58,"column":2}},"13":{"start":{"line":60,"column":0},"end":{"line":60,"column":22}}},"fnMap":{"0":{"name":"(anonymous_0)","decl":{"start":{"line":24,"column":17},"end":{"line":24,"column":22}},"loc":{"start":{"line":24,"column":26},"end":{"line":24,"column":35}}},"1":{"name":"(anonymous_1)","decl":{"start":{"line":39,"column":17},"end":{"line":39,"column":22}},"loc":{"start":{"line":39,"column":26},"end":{"line":39,"column":35}}}},"branchMap":{},"s":{"0":2,"1":2,"2":2,"3":2,"4":2,"5":2,"6":2,"7":2,"8":4,"9":2,"10":6,"11":2,"12":2,"13":2},"f":{"0":4,"1":6},"b":{}}
,"/home/yfercep/Documentos/Juan-Pablo-de-la-Torre/Curso-React-Typescript-11-projects/rest_api_node_ts_server/src/server.ts": {"path":"/home/yfercep/Documentos/Juan-Pablo-de-la-Torre/Curso-React-Typescript-11-projects/rest_api_node_ts_server/src/server.ts","statementMap":{"0":{"start":{"line":1,"column":0},"end":{"line":1,"column":30}},"1":{"start":{"line":2,"column":0},"end":{"line":2,"column":30}},"2":{"start":{"line":3,"column":0},"end":{"line":3,"column":29}},"3":{"start":{"line":4,"column":0},"end":{"line":4,"column":28}},"4":{"start":{"line":8,"column":4},"end":{"line":15,"column":5}},"5":{"start":{"line":9,"column":8},"end":{"line":9,"column":32}},"6":{"start":{"line":10,"column":8},"end":{"line":10,"column":18}},"7":{"start":{"line":14,"column":8},"end":{"line":14,"column":62}},"8":{"start":{"line":18,"column":0},"end":{"line":18,"column":12}},"9":{"start":{"line":21,"column":15},"end":{"line":21,"column":24}},"10":{"start":{"line":24,"column":0},"end":{"line":24,"column":27}},"11":{"start":{"line":26,"column":0},"end":{"line":26,"column":36}},"12":{"start":{"line":28,"column":0},"end":{"line":30,"column":null}},"13":{"start":{"line":29,"column":4},"end":{"line":29,"column":35}},"14":{"start":{"line":32,"column":0},"end":{"line":32,"column":22}}},"fnMap":{"0":{"name":"connectDB","decl":{"start":{"line":7,"column":15},"end":{"line":7,"column":24}},"loc":{"start":{"line":7,"column":24},"end":{"line":16,"column":1}}},"1":{"name":"(anonymous_2)","decl":{"start":{"line":28,"column":19},"end":{"line":28,"column":20}},"loc":{"start":{"line":28,"column":32},"end":{"line":30,"column":1}}}},"branchMap":{},"s":{"0":2,"1":2,"2":2,"3":2,"4":2,"5":2,"6":1,"7":0,"8":2,"9":2,"10":2,"11":2,"12":2,"13":1,"14":2},"f":{"0":2,"1":1},"b":{}}
,"/home/yfercep/Documentos/Juan-Pablo-de-la-Torre/Curso-React-Typescript-11-projects/rest_api_node_ts_server/src/config/db.ts": {"path":"/home/yfercep/Documentos/Juan-Pablo-de-la-Torre/Curso-React-Typescript-11-projects/rest_api_node_ts_server/src/config/db.ts","statementMap":{"0":{"start":{"line":1,"column":0},"end":{"line":1,"column":49}},"1":{"start":{"line":2,"column":0},"end":{"line":2,"column":28}},"2":{"start":{"line":3,"column":0},"end":{"line":3,"column":16}},"3":{"start":{"line":5,"column":11},"end":{"line":8,"column":2}},"4":{"start":{"line":10,"column":0},"end":{"line":10,"column":18}}},"fnMap":{},"branchMap":{},"s":{"0":2,"1":2,"2":2,"3":2,"4":2},"f":{},"b":{}}
,"/home/yfercep/Documentos/Juan-Pablo-de-la-Torre/Curso-React-Typescript-11-projects/rest_api_node_ts_server/src/handlers/product.ts": {"path":"/home/yfercep/Documentos/Juan-Pablo-de-la-Torre/Curso-React-Typescript-11-projects/rest_api_node_ts_server/src/handlers/product.ts","statementMap":{"0":{"start":{"line":2,"column":0},"end":{"line":2,"column":46}},"1":{"start":{"line":5,"column":27},"end":{"line":12,"column":1}},"2":{"start":{"line":6,"column":25},"end":{"line":10,"column":10}},"3":{"start":{"line":11,"column":8},"end":{"line":11,"column":37}},"4":{"start":{"line":5,"column":13},"end":{"line":5,"column":27}},"5":{"start":{"line":14,"column":30},"end":{"line":24,"column":1}},"6":{"start":{"line":15,"column":22},"end":{"line":15,"column":32}},"7":{"start":{"line":16,"column":23},"end":{"line":16,"column":51}},"8":{"start":{"line":18,"column":7},"end":{"line":22,"column":8}},"9":{"start":{"line":19,"column":11},"end":{"line":21,"column":15}},"10":{"start":{"line":23,"column":7},"end":{"line":23,"column":35}},"11":{"start":{"line":14,"column":13},"end":{"line":14,"column":30}},"12":{"start":{"line":26,"column":29},"end":{"line":29,"column":1}},"13":{"start":{"line":27,"column":23},"end":{"line":27,"column":55}},"14":{"start":{"line":28,"column":7},"end":{"line":28,"column":47}},"15":{"start":{"line":26,"column":13},"end":{"line":26,"column":29}},"16":{"start":{"line":31,"column":29},"end":{"line":48,"column":1}},"17":{"start":{"line":33,"column":19},"end":{"line":33,"column":29}},"18":{"start":{"line":34,"column":20},"end":{"line":34,"column":48}},"19":{"start":{"line":36,"column":4},"end":{"line":40,"column":5}},"20":{"start":{"line":37,"column":8},"end":{"line":39,"column":11}},"21":{"start":{"line":43,"column":4},"end":{"line":43,"column":37}},"22":{"start":{"line":45,"column":4},"end":{"line":45,"column":19}},"23":{"start":{"line":47,"column":4},"end":{"line":47,"column":32}},"24":{"start":{"line":31,"column":13},"end":{"line":31,"column":29}},"25":{"start":{"line":50,"column":34},"end":{"line":66,"column":1}},"26":{"start":{"line":52,"column":19},"end":{"line":52,"column":29}},"27":{"start":{"line":53,"column":20},"end":{"line":53,"column":48}},"28":{"start":{"line":55,"column":4},"end":{"line":59,"column":5}},"29":{"start":{"line":56,"column":8},"end":{"line":58,"column":11}},"30":{"start":{"line":62,"column":4},"end":{"line":62,"column":60}},"31":{"start":{"line":64,"column":4},"end":{"line":64,"column":25}},"32":{"start":{"line":65,"column":4},"end":{"line":65,"column":32}},"33":{"start":{"line":50,"column":13},"end":{"line":50,"column":34}},"34":{"start":{"line":68,"column":29},"end":{"line":82,"column":1}},"35":{"start":{"line":70,"column":19},"end":{"line":70,"column":29}},"36":{"start":{"line":71,"column":20},"end":{"line":71,"column":48}},"37":{"start":{"line":73,"column":4},"end":{"line":77,"column":5}},"38":{"start":{"line":74,"column":8},"end":{"line":76,"column":11}},"39":{"start":{"line":80,"column":4},"end":{"line":80,"column":28}},"40":{"start":{"line":81,"column":4},"end":{"line":81,"column":42}},"41":{"start":{"line":68,"column":13},"end":{"line":68,"column":29}}},"fnMap":{"0":{"name":"(anonymous_1)","decl":{"start":{"line":5,"column":27},"end":{"line":5,"column":32}},"loc":{"start":{"line":5,"column":69},"end":{"line":12,"column":1}}},"1":{"name":"(anonymous_2)","decl":{"start":{"line":14,"column":30},"end":{"line":14,"column":35}},"loc":{"start":{"line":14,"column":72},"end":{"line":24,"column":1}}},"2":{"name":"(anonymous_3)","decl":{"start":{"line":26,"column":29},"end":{"line":26,"column":34}},"loc":{"start":{"line":26,"column":69},"end":{"line":29,"column":1}}},"3":{"name":"(anonymous_4)","decl":{"start":{"line":31,"column":29},"end":{"line":31,"column":34}},"loc":{"start":{"line":31,"column":69},"end":{"line":48,"column":1}}},"4":{"name":"(anonymous_5)","decl":{"start":{"line":50,"column":34},"end":{"line":50,"column":39}},"loc":{"start":{"line":50,"column":74},"end":{"line":66,"column":1}}},"5":{"name":"(anonymous_6)","decl":{"start":{"line":68,"column":29},"end":{"line":68,"column":34}},"loc":{"start":{"line":68,"column":69},"end":{"line":82,"column":1}}}},"branchMap":{"0":{"loc":{"start":{"line":18,"column":7},"end":{"line":22,"column":8}},"type":"if","locations":[{"start":{"line":18,"column":7},"end":{"line":22,"column":8}}]},"1":{"loc":{"start":{"line":36,"column":4},"end":{"line":40,"column":5}},"type":"if","locations":[{"start":{"line":36,"column":4},"end":{"line":40,"column":5}}]},"2":{"loc":{"start":{"line":55,"column":4},"end":{"line":59,"column":5}},"type":"if","locations":[{"start":{"line":55,"column":4},"end":{"line":59,"column":5}}]},"3":{"loc":{"start":{"line":73,"column":4},"end":{"line":77,"column":5}},"type":"if","locations":[{"start":{"line":73,"column":4},"end":{"line":77,"column":5}}]}},"s":{"0":2,"1":2,"2":2,"3":2,"4":2,"5":2,"6":2,"7":2,"8":2,"9":1,"10":1,"11":2,"12":2,"13":1,"14":1,"15":2,"16":2,"17":3,"18":3,"19":3,"20":1,"21":2,"22":2,"23":2,"24":2,"25":2,"26":0,"27":0,"28":0,"29":0,"30":0,"31":0,"32":0,"33":2,"34":2,"35":2,"36":2,"37":2,"38":1,"39":1,"40":1,"41":2},"f":{"0":2,"1":2,"2":1,"3":3,"4":0,"5":2},"b":{"0":[1],"1":[1],"2":[0],"3":[1]}}
,"/home/yfercep/Documentos/Juan-Pablo-de-la-Torre/Curso-React-Typescript-11-projects/rest_api_node_ts_server/src/middleware/index.ts": {"path":"/home/yfercep/Documentos/Juan-Pablo-de-la-Torre/Curso-React-Typescript-11-projects/rest_api_node_ts_server/src/middleware/index.ts","statementMap":{"0":{"start":{"line":2,"column":0},"end":{"line":2,"column":53}},"1":{"start":{"line":3,"column":33},"end":{"line":11,"column":1}},"2":{"start":{"line":5,"column":17},"end":{"line":5,"column":38}},"3":{"start":{"line":6,"column":4},"end":{"line":8,"column":5}},"4":{"start":{"line":7,"column":8},"end":{"line":7,"column":64}},"5":{"start":{"line":10,"column":4},"end":{"line":10,"column":11}},"6":{"start":{"line":3,"column":13},"end":{"line":3,"column":33}}},"fnMap":{"0":{"name":"(anonymous_0)","decl":{"start":{"line":3,"column":33},"end":{"line":3,"column":35}},"loc":{"start":{"line":3,"column":90},"end":{"line":11,"column":1}}}},"branchMap":{"0":{"loc":{"start":{"line":6,"column":4},"end":{"line":8,"column":5}},"type":"if","locations":[{"start":{"line":6,"column":4},"end":{"line":8,"column":5}}]}},"s":{"0":2,"1":2,"2":16,"3":16,"4":8,"5":8,"6":2},"f":{"0":16},"b":{"0":[8]}}
,"/home/yfercep/Documentos/Juan-Pablo-de-la-Torre/Curso-React-Typescript-11-projects/rest_api_node_ts_server/src/models/Product.model.ts": {"path":"/home/yfercep/Documentos/Juan-Pablo-de-la-Torre/Curso-React-Typescript-11-projects/rest_api_node_ts_server/src/models/Product.model.ts","statementMap":{"0":{"start":{"line":1,"column":0},"end":{"line":1,"column":79}},"1":{"start":{"line":7,"column":0},"end":{"line":23,"column":null}},"2":{"start":{"line":11,"column":12},"end":{"line":11,"column":null}},"3":{"start":{"line":16,"column":12},"end":{"line":16,"column":null}},"4":{"start":{"line":22,"column":12},"end":{"line":22,"column":null}},"5":{"start":{"line":7,"column":6},"end":{"line":23,"column":null}},"6":{"start":{"line":25,"column":0},"end":{"line":25,"column":null}}},"fnMap":{},"branchMap":{},"s":{"0":2,"1":2,"2":2,"3":2,"4":2,"5":2,"6":2},"f":{},"b":{}}
}
