TN:
SF:src/router.ts
FN:24,(anonymous_0)
FN:39,(anonymous_1)
FNF:2
FNH:2
FNDA:4,(anonymous_0)
FNDA:6,(anonymous_1)
DA:1,2
DA:2,2
DA:3,2
DA:4,2
DA:6,2
DA:10,2
DA:11,2
DA:17,2
DA:24,4
DA:30,2
DA:39,6
DA:46,2
DA:53,2
DA:60,2
LF:14
LH:14
BRF:0
BRH:0
end_of_record
TN:
SF:src/server.ts
FN:7,connectDB
FN:28,(anonymous_2)
FNF:2
FNH:2
FNDA:3,connectDB
FNDA:1,(anonymous_2)
DA:1,2
DA:2,2
DA:3,2
DA:4,2
DA:7,2
DA:8,3
DA:9,3
DA:10,2
DA:14,1
DA:18,2
DA:21,2
DA:24,2
DA:26,2
DA:28,2
DA:29,1
DA:32,2
LF:16
LH:16
BRF:0
BRH:0
end_of_record
TN:
SF:src/config/db.ts
FNF:0
FNH:0
DA:1,2
DA:2,2
DA:3,2
DA:5,2
DA:10,2
LF:5
LH:5
BRF:0
BRH:0
end_of_record
TN:
SF:src/handlers/product.ts
FN:5,(anonymous_1)
FN:14,(anonymous_2)
FN:26,(anonymous_3)
FN:31,(anonymous_4)
FN:50,(anonymous_5)
FN:68,(anonymous_6)
FNF:6
FNH:6
FNDA:2,(anonymous_1)
FNDA:2,(anonymous_2)
FNDA:1,(anonymous_3)
FNDA:3,(anonymous_4)
FNDA:2,(anonymous_5)
FNDA:2,(anonymous_6)
DA:2,2
DA:5,2
DA:6,2
DA:11,2
DA:14,2
DA:15,2
DA:16,2
DA:18,2
DA:19,1
DA:23,1
DA:26,2
DA:27,1
DA:28,1
DA:31,2
DA:33,3
DA:34,3
DA:36,3
DA:37,1
DA:43,2
DA:45,2
DA:47,2
DA:50,2
DA:52,2
DA:53,2
DA:55,2
DA:56,1
DA:62,1
DA:64,1
DA:65,1
DA:68,2
DA:70,2
DA:71,2
DA:73,2
DA:74,1
DA:80,1
DA:81,1
LF:36
LH:36
BRDA:18,0,0,1
BRDA:36,1,0,1
BRDA:55,2,0,1
BRDA:73,3,0,1
BRF:4
BRH:4
end_of_record
TN:
SF:src/middleware/index.ts
FN:3,(anonymous_0)
FNF:1
FNH:1
FNDA:19,(anonymous_0)
DA:2,2
DA:3,2
DA:5,19
DA:6,19
DA:7,9
DA:10,10
LF:6
LH:6
BRDA:6,0,0,9
BRF:1
BRH:1
end_of_record
TN:
SF:src/models/Product.model.ts
FNF:0
FNH:0
DA:1,3
DA:7,3
DA:11,3
DA:16,3
DA:22,3
DA:25,3
LF:6
LH:6
BRF:0
BRH:0
end_of_record
